
2026/01/07 00:55:13 [32mD:/CousreAI/backend/internal/database/database.go:36
[0m[33m[1.635ms] [34;1m[rows:0][0m CREATE EXTENSION IF NOT EXISTS pgcrypto;

2026/01/07 00:55:13 [32mD:/CousreAI/backend/internal/database/database.go:76
[0m[33m[10.745ms] [34;1m[rows:1][0m SELECT count(*) FROM information_schema.tables WHERE table_schema = CURRENT_SCHEMA() AND table_name = 'programs' AND table_type = 'BASE TABLE'

2026/01/07 00:55:13 [32mD:/CousreAI/backend/internal/database/database.go:78
[0m[33m[7.163ms] [34;1m[rows:0][0m DROP TABLE IF EXISTS "programs" CASCADE

2026/01/07 00:55:13 [32mD:/CousreAI/backend/internal/database/database.go:76
[0m[33m[2.070ms] [34;1m[rows:1][0m SELECT count(*) FROM information_schema.tables WHERE table_schema = CURRENT_SCHEMA() AND table_name = 'subcourses' AND table_type = 'BASE TABLE'

2026/01/07 00:55:13 [32mD:/CousreAI/backend/internal/database/database.go:78
[0m[33m[5.470ms] [34;1m[rows:0][0m DROP TABLE IF EXISTS "subcourses" CASCADE

2026/01/07 00:55:13 [32mD:/CousreAI/backend/internal/database/database.go:76
[0m[33m[1.480ms] [34;1m[rows:1][0m SELECT count(*) FROM information_schema.tables WHERE table_schema = CURRENT_SCHEMA() AND table_name = 'lessons' AND table_type = 'BASE TABLE'

2026/01/07 00:55:13 [32mD:/CousreAI/backend/internal/database/database.go:78
[0m[33m[9.563ms] [34;1m[rows:0][0m DROP TABLE IF EXISTS "lessons" CASCADE

2026/01/07 00:55:13 [32mD:/CousreAI/backend/internal/database/database.go:76
[0m[33m[6.101ms] [34;1m[rows:1][0m SELECT count(*) FROM information_schema.tables WHERE table_schema = CURRENT_SCHEMA() AND table_name = 'lesson_objectives' AND table_type = 'BASE TABLE'

2026/01/07 00:55:13 [32mD:/CousreAI/backend/internal/database/database.go:78
[0m[33m[4.043ms] [34;1m[rows:0][0m DROP TABLE IF EXISTS "lesson_objectives" CASCADE

2026/01/07 00:55:13 [32mD:/CousreAI/backend/internal/database/database.go:76
[0m[33m[1.714ms] [34;1m[rows:1][0m SELECT count(*) FROM information_schema.tables WHERE table_schema = CURRENT_SCHEMA() AND table_name = 'lesson_models' AND table_type = 'BASE TABLE'

2026/01/07 00:55:13 [32mD:/CousreAI/backend/internal/database/database.go:78
[0m[33m[4.709ms] [34;1m[rows:0][0m DROP TABLE IF EXISTS "lesson_models" CASCADE

2026/01/07 00:55:13 [32mD:/CousreAI/backend/internal/database/database.go:76
[0m[33m[2.120ms] [34;1m[rows:1][0m SELECT count(*) FROM information_schema.tables WHERE table_schema = CURRENT_SCHEMA() AND table_name = 'lesson_preparations' AND table_type = 'BASE TABLE'

2026/01/07 00:55:13 [32mD:/CousreAI/backend/internal/database/database.go:78
[0m[33m[3.416ms] [34;1m[rows:0][0m DROP TABLE IF EXISTS "lesson_preparations" CASCADE

2026/01/07 00:55:13 [32mD:/CousreAI/backend/internal/database/database.go:76
[0m[33m[1.248ms] [34;1m[rows:1][0m SELECT count(*) FROM information_schema.tables WHERE table_schema = CURRENT_SCHEMA() AND table_name = 'lesson_builds' AND table_type = 'BASE TABLE'

2026/01/07 00:55:13 [32mD:/CousreAI/backend/internal/database/database.go:78
[0m[33m[3.373ms] [34;1m[rows:0][0m DROP TABLE IF EXISTS "lesson_builds" CASCADE

2026/01/07 00:55:13 [32mD:/CousreAI/backend/internal/database/database.go:76
[0m[33m[1.172ms] [34;1m[rows:1][0m SELECT count(*) FROM information_schema.tables WHERE table_schema = CURRENT_SCHEMA() AND table_name = 'lesson_content_blocks' AND table_type = 'BASE TABLE'

2026/01/07 00:55:13 [32mD:/CousreAI/backend/internal/database/database.go:78
[0m[33m[4.512ms] [34;1m[rows:0][0m DROP TABLE IF EXISTS "lesson_content_blocks" CASCADE

2026/01/07 00:55:13 [32mD:/CousreAI/backend/internal/database/database.go:76
[0m[33m[1.214ms] [34;1m[rows:1][0m SELECT count(*) FROM information_schema.tables WHERE table_schema = CURRENT_SCHEMA() AND table_name = 'lesson_attachments' AND table_type = 'BASE TABLE'

2026/01/07 00:55:13 [32mD:/CousreAI/backend/internal/database/database.go:78
[0m[33m[3.442ms] [34;1m[rows:0][0m DROP TABLE IF EXISTS "lesson_attachments" CASCADE

2026/01/07 00:55:13 [32mD:/CousreAI/backend/internal/database/database.go:76
[0m[33m[1.097ms] [34;1m[rows:1][0m SELECT count(*) FROM information_schema.tables WHERE table_schema = CURRENT_SCHEMA() AND table_name = 'lesson_challenges' AND table_type = 'BASE TABLE'

2026/01/07 00:55:13 [32mD:/CousreAI/backend/internal/database/database.go:78
[0m[33m[4.850ms] [34;1m[rows:0][0m DROP TABLE IF EXISTS "lesson_challenges" CASCADE

2026/01/07 00:55:13 [32mD:/CousreAI/backend/internal/database/database.go:76
[0m[33m[1.047ms] [34;1m[rows:1][0m SELECT count(*) FROM information_schema.tables WHERE table_schema = CURRENT_SCHEMA() AND table_name = 'lesson_quizzes' AND table_type = 'BASE TABLE'

2026/01/07 00:55:13 [32mD:/CousreAI/backend/internal/database/database.go:78
[0m[33m[4.368ms] [34;1m[rows:0][0m DROP TABLE IF EXISTS "lesson_quizzes" CASCADE

2026/01/07 00:55:13 [32mD:/CousreAI/backend/internal/database/database.go:76
[0m[33m[0.514ms] [34;1m[rows:1][0m SELECT count(*) FROM information_schema.tables WHERE table_schema = CURRENT_SCHEMA() AND table_name = 'lesson_quiz_options' AND table_type = 'BASE TABLE'

2026/01/07 00:55:13 [32mD:/CousreAI/backend/internal/database/database.go:78
[0m[33m[3.174ms] [34;1m[rows:0][0m DROP TABLE IF EXISTS "lesson_quiz_options" CASCADE

2026/01/07 00:55:13 [32mD:/CousreAI/backend/internal/database/database.go:76
[0m[33m[0.512ms] [34;1m[rows:1][0m SELECT count(*) FROM information_schema.tables WHERE table_schema = CURRENT_SCHEMA() AND table_name = 'media' AND table_type = 'BASE TABLE'

2026/01/07 00:55:13 [32mD:/CousreAI/backend/internal/database/database.go:78
[0m[33m[5.197ms] [34;1m[rows:0][0m DROP TABLE IF EXISTS "media" CASCADE

2026/01/07 00:55:13 [32mD:/CousreAI/backend/internal/database/database.go:76
[0m[33m[1.579ms] [34;1m[rows:1][0m SELECT count(*) FROM information_schema.tables WHERE table_schema = CURRENT_SCHEMA() AND table_name = 'teacher_assignments' AND table_type = 'BASE TABLE'

2026/01/07 00:55:14 [32mD:/CousreAI/backend/internal/database/database.go:78
[0m[33m[5.217ms] [34;1m[rows:0][0m DROP TABLE IF EXISTS "teacher_assignments" CASCADE

2026/01/07 00:55:14 [32mD:/CousreAI/backend/internal/database/database.go:76
[0m[33m[1.549ms] [34;1m[rows:1][0m SELECT count(*) FROM information_schema.tables WHERE table_schema = CURRENT_SCHEMA() AND table_name = 'teacher_assignment_logs' AND table_type = 'BASE TABLE'

2026/01/07 00:55:14 [32mD:/CousreAI/backend/internal/database/database.go:78
[0m[33m[4.010ms] [34;1m[rows:0][0m DROP TABLE IF EXISTS "teacher_assignment_logs" CASCADE

2026/01/07 00:55:14 [32mD:/CousreAI/backend/internal/database/database.go:85
[0m[33m[1.051ms] [34;1m[rows:1][0m SELECT count(*) FROM information_schema.tables WHERE table_schema = CURRENT_SCHEMA() AND table_name = 'users' AND table_type = 'BASE TABLE'

2026/01/07 00:55:14 [32mD:/CousreAI/backend/internal/database/database.go:129
[0m[33m[8.281ms] [34;1m[rows:0][0m CREATE TABLE "programs" ("id" uuid,"name" text NOT NULL,"slug" text NOT NULL,"short_description" text,"description" text,"block_types" JSONB,"status" varchar(20) NOT NULL DEFAULT 'draft',"sort_order" bigint DEFAULT 0,"created_at" timestamptz,"updated_at" timestamptz,PRIMARY KEY ("id"))

2026/01/07 00:55:14 [32mD:/CousreAI/backend/internal/database/database.go:129
[0m[33m[3.635ms] [34;1m[rows:0][0m CREATE UNIQUE INDEX IF NOT EXISTS "idx_programs_slug" ON "programs" ("slug")

2026/01/07 00:55:14 [32mD:/CousreAI/backend/internal/database/database.go:129
[0m[33m[7.815ms] [34;1m[rows:0][0m CREATE TABLE "subcourses" ("id" uuid,"program_id" uuid NOT NULL,"name" text NOT NULL,"slug" text NOT NULL,"age_range" varchar(50),"lesson_count" bigint DEFAULT 0,"short_description" text,"general_objectives" text,"block_types" JSONB,"status" varchar(20) NOT NULL DEFAULT 'draft',"sort_order" bigint DEFAULT 0,"created_at" timestamptz,"updated_at" timestamptz,PRIMARY KEY ("id"),CONSTRAINT "fk_programs_subcourses" FOREIGN KEY ("program_id") REFERENCES "programs"("id"))

2026/01/07 00:55:14 [32mD:/CousreAI/backend/internal/database/database.go:129
[0m[33m[3.231ms] [34;1m[rows:0][0m CREATE UNIQUE INDEX IF NOT EXISTS "idx_subcourses_slug" ON "subcourses" ("slug")

2026/01/07 00:55:14 [32mD:/CousreAI/backend/internal/database/database.go:129
[0m[33m[4.395ms] [34;1m[rows:0][0m CREATE INDEX IF NOT EXISTS "idx_subcourses_program_id" ON "subcourses" ("program_id")

2026/01/07 00:55:14 [32mD:/CousreAI/backend/internal/database/database.go:129
[0m[33m[7.019ms] [34;1m[rows:0][0m CREATE TABLE "lessons" ("id" uuid,"subcourse_id" uuid NOT NULL,"title" text NOT NULL,"subtitle" text,"overview" text,"block_types" JSONB,"status" varchar(20) NOT NULL DEFAULT 'draft',"sort_order" bigint DEFAULT 0,"duration_minutes" bigint DEFAULT 0,"difficulty" varchar(50),"estimated_time" varchar(50),"cover_media_id" uuid,"author_id" uuid,"is_featured" boolean DEFAULT false,"published_at" timestamptz,"slug" text NOT NULL,"created_at" timestamptz,"updated_at" timestamptz,PRIMARY KEY ("id"),CONSTRAINT "fk_subcourses_lessons" FOREIGN KEY ("subcourse_id") REFERENCES "subcourses"("id"))

2026/01/07 00:55:14 [32mD:/CousreAI/backend/internal/database/database.go:129
[0m[33m[3.625ms] [34;1m[rows:0][0m CREATE UNIQUE INDEX IF NOT EXISTS "idx_lessons_slug" ON "lessons" ("slug")

2026/01/07 00:55:14 [32mD:/CousreAI/backend/internal/database/database.go:129
[0m[33m[3.042ms] [34;1m[rows:0][0m CREATE INDEX IF NOT EXISTS "idx_lessons_author_id" ON "lessons" ("author_id")

2026/01/07 00:55:14 [32mD:/CousreAI/backend/internal/database/database.go:129
[0m[33m[3.311ms] [34;1m[rows:0][0m CREATE INDEX IF NOT EXISTS "idx_lessons_cover_media_id" ON "lessons" ("cover_media_id")

2026/01/07 00:55:14 [32mD:/CousreAI/backend/internal/database/database.go:129
[0m[33m[4.445ms] [34;1m[rows:0][0m CREATE INDEX IF NOT EXISTS "idx_lessons_subcourse_id" ON "lessons" ("subcourse_id")

2026/01/07 00:55:14 [32mD:/CousreAI/backend/internal/database/database.go:129
[0m[33m[5.865ms] [34;1m[rows:0][0m CREATE TABLE "lesson_objectives" ("id" uuid,"lesson_id" uuid NOT NULL,"knowledge" text,"thinking" text,"skills" text,"attitude" text,"created_at" timestamptz,"updated_at" timestamptz,PRIMARY KEY ("id"),CONSTRAINT "fk_lessons_objectives" FOREIGN KEY ("lesson_id") REFERENCES "lessons"("id"))

2026/01/07 00:55:14 [32mD:/CousreAI/backend/internal/database/database.go:129
[0m[33m[3.255ms] [34;1m[rows:0][0m CREATE UNIQUE INDEX IF NOT EXISTS "idx_lesson_objectives_lesson_id" ON "lesson_objectives" ("lesson_id")

2026/01/07 00:55:14 [32mD:/CousreAI/backend/internal/database/database.go:129
[0m[33m[7.514ms] [34;1m[rows:0][0m CREATE TABLE "lesson_models" ("id" uuid,"lesson_id" uuid NOT NULL,"title" text NOT NULL,"description" text,"created_at" timestamptz,"updated_at" timestamptz,PRIMARY KEY ("id"),CONSTRAINT "fk_lessons_models" FOREIGN KEY ("lesson_id") REFERENCES "lessons"("id"))

2026/01/07 00:55:14 [32mD:/CousreAI/backend/internal/database/database.go:129
[0m[33m[3.396ms] [34;1m[rows:0][0m CREATE INDEX IF NOT EXISTS "idx_lesson_models_lesson_id" ON "lesson_models" ("lesson_id")

2026/01/07 00:55:14 [32mD:/CousreAI/backend/internal/database/database.go:129
[0m[33m[6.423ms] [34;1m[rows:0][0m CREATE TABLE "lesson_preparations" ("id" uuid,"lesson_id" uuid NOT NULL,"notes" text,"created_at" timestamptz,"updated_at" timestamptz,PRIMARY KEY ("id"),CONSTRAINT "fk_lessons_preparation" FOREIGN KEY ("lesson_id") REFERENCES "lessons"("id"))

2026/01/07 00:55:14 [32mD:/CousreAI/backend/internal/database/database.go:129
[0m[33m[4.431ms] [34;1m[rows:0][0m CREATE UNIQUE INDEX IF NOT EXISTS "idx_lesson_preparations_lesson_id" ON "lesson_preparations" ("lesson_id")

2026/01/07 00:55:14 [32mD:/CousreAI/backend/internal/database/database.go:129
[0m[33m[6.632ms] [34;1m[rows:0][0m CREATE TABLE "lesson_builds" ("id" uuid,"lesson_id" uuid NOT NULL,"build_type" varchar(20) NOT NULL,"title" text NOT NULL,"description" text,"created_at" timestamptz,"updated_at" timestamptz,PRIMARY KEY ("id"),CONSTRAINT "fk_lessons_builds" FOREIGN KEY ("lesson_id") REFERENCES "lessons"("id"))

2026/01/07 00:55:14 [32mD:/CousreAI/backend/internal/database/database.go:129
[0m[33m[2.903ms] [34;1m[rows:0][0m CREATE INDEX IF NOT EXISTS "idx_lesson_builds_lesson_id" ON "lesson_builds" ("lesson_id")

2026/01/07 00:55:14 [32mD:/CousreAI/backend/internal/database/database.go:129
[0m[33m[6.474ms] [34;1m[rows:0][0m CREATE TABLE "lesson_content_blocks" ("id" uuid,"lesson_id" uuid NOT NULL,"title" text NOT NULL,"subtitle" text,"description" text,"usage_text" text,"example_text" text,"sort_order" bigint DEFAULT 0,"created_at" timestamptz,"updated_at" timestamptz,PRIMARY KEY ("id"),CONSTRAINT "fk_lessons_content_blocks" FOREIGN KEY ("lesson_id") REFERENCES "lessons"("id"))

2026/01/07 00:55:14 [32mD:/CousreAI/backend/internal/database/database.go:129
[0m[33m[3.551ms] [34;1m[rows:0][0m CREATE INDEX IF NOT EXISTS "idx_lesson_content_blocks_lesson_id" ON "lesson_content_blocks" ("lesson_id")

2026/01/07 00:55:14 [32mD:/CousreAI/backend/internal/database/database.go:129
[0m[33m[7.836ms] [34;1m[rows:0][0m CREATE TABLE "lesson_attachments" ("id" uuid,"lesson_id" uuid NOT NULL,"title" text NOT NULL,"description" text,"file_type" varchar(50),"sort_order" bigint DEFAULT 0,"created_at" timestamptz,"updated_at" timestamptz,PRIMARY KEY ("id"),CONSTRAINT "fk_lessons_attachments" FOREIGN KEY ("lesson_id") REFERENCES "lessons"("id"))

2026/01/07 00:55:14 [32mD:/CousreAI/backend/internal/database/database.go:129
[0m[33m[4.772ms] [34;1m[rows:0][0m CREATE INDEX IF NOT EXISTS "idx_lesson_attachments_lesson_id" ON "lesson_attachments" ("lesson_id")

2026/01/07 00:55:14 [32mD:/CousreAI/backend/internal/database/database.go:129
[0m[33m[7.008ms] [34;1m[rows:0][0m CREATE TABLE "lesson_challenges" ("id" uuid,"lesson_id" uuid NOT NULL,"title" text NOT NULL,"subtitle" text,"description" text,"instructions" text,"sort_order" bigint DEFAULT 0,"created_at" timestamptz,"updated_at" timestamptz,PRIMARY KEY ("id"),CONSTRAINT "fk_lessons_challenges" FOREIGN KEY ("lesson_id") REFERENCES "lessons"("id"))

2026/01/07 00:55:14 [32mD:/CousreAI/backend/internal/database/database.go:129
[0m[33m[3.828ms] [34;1m[rows:0][0m CREATE INDEX IF NOT EXISTS "idx_lesson_challenges_lesson_id" ON "lesson_challenges" ("lesson_id")

2026/01/07 00:55:14 [32mD:/CousreAI/backend/internal/database/database.go:129
[0m[33m[9.901ms] [34;1m[rows:0][0m CREATE TABLE "lesson_quizzes" ("id" uuid,"lesson_id" uuid NOT NULL,"title" text NOT NULL,"description" text,"quiz_type" varchar(20) NOT NULL,"created_at" timestamptz,"updated_at" timestamptz,PRIMARY KEY ("id"),CONSTRAINT "fk_lessons_quizzes" FOREIGN KEY ("lesson_id") REFERENCES "lessons"("id"))

2026/01/07 00:55:14 [32mD:/CousreAI/backend/internal/database/database.go:129
[0m[33m[5.406ms] [34;1m[rows:0][0m CREATE INDEX IF NOT EXISTS "idx_lesson_quizzes_lesson_id" ON "lesson_quizzes" ("lesson_id")

2026/01/07 00:55:14 [32mD:/CousreAI/backend/internal/database/database.go:129
[0m[33m[10.956ms] [34;1m[rows:0][0m CREATE TABLE "lesson_quiz_options" ("id" uuid DEFAULT gen_random_uuid(),"quiz_id" uuid NOT NULL,"content" text NOT NULL,"is_correct" boolean DEFAULT false,"explanation" text,"created_at" timestamptz,"updated_at" timestamptz,PRIMARY KEY ("id"),CONSTRAINT "fk_lesson_quizzes_options" FOREIGN KEY ("quiz_id") REFERENCES "lesson_quizzes"("id"))

2026/01/07 00:55:14 [32mD:/CousreAI/backend/internal/database/database.go:129
[0m[33m[4.081ms] [34;1m[rows:0][0m CREATE INDEX IF NOT EXISTS "idx_lesson_quiz_options_quiz_id" ON "lesson_quiz_options" ("quiz_id")

2026/01/07 00:55:14 [32mD:/CousreAI/backend/internal/database/database.go:129
[0m[33m[6.329ms] [34;1m[rows:0][0m CREATE TABLE "media" ("id" uuid,"owner_type" varchar(50) NOT NULL,"owner_id" uuid NOT NULL,"url" text NOT NULL,"mime_type" varchar(100),"purpose" varchar(50),"sort_order" bigint DEFAULT 0,"meta" JSONB,"created_at" timestamptz,"updated_at" timestamptz,PRIMARY KEY ("id"))

2026/01/07 00:55:14 [32mD:/CousreAI/backend/internal/database/database.go:129
[0m[33m[4.760ms] [34;1m[rows:0][0m CREATE INDEX IF NOT EXISTS "idx_owner" ON "media" ("owner_type","owner_id")

2026/01/07 00:55:14 [32mD:/CousreAI/backend/internal/database/database.go:129
[0m[33m[8.529ms] [34;1m[rows:0][0m CREATE TABLE "teacher_assignments" ("id" uuid,"teacher_id" uuid NOT NULL,"program_id" uuid,"subcourse_id" uuid,"scope_level" varchar(20) NOT NULL,"status" varchar(20) NOT NULL DEFAULT 'pending',"access_code_hash" text,"code_expires_at" timestamptz,"start_at" timestamptz,"end_at" timestamptz,"created_at" timestamptz,"updated_at" timestamptz,PRIMARY KEY ("id"),CONSTRAINT "fk_teacher_assignments_teacher" FOREIGN KEY ("teacher_id") REFERENCES "users"("id"))

2026/01/07 00:55:14 [32mD:/CousreAI/backend/internal/database/database.go:129
[0m[33m[4.513ms] [34;1m[rows:0][0m CREATE INDEX IF NOT EXISTS "idx_teacher_assignments_subcourse_id" ON "teacher_assignments" ("subcourse_id")

2026/01/07 00:55:14 [32mD:/CousreAI/backend/internal/database/database.go:129
[0m[33m[5.570ms] [34;1m[rows:0][0m CREATE INDEX IF NOT EXISTS "idx_teacher_assignments_program_id" ON "teacher_assignments" ("program_id")

2026/01/07 00:55:14 [32mD:/CousreAI/backend/internal/database/database.go:129
[0m[33m[4.394ms] [34;1m[rows:0][0m CREATE INDEX IF NOT EXISTS "idx_teacher_assignments_teacher_id" ON "teacher_assignments" ("teacher_id")

2026/01/07 00:55:14 [32mD:/CousreAI/backend/internal/database/database.go:129
[0m[33m[6.367ms] [34;1m[rows:0][0m CREATE TABLE "teacher_assignment_logs" ("id" uuid,"assignment_id" uuid NOT NULL,"actor_id" uuid NOT NULL,"action" varchar(50) NOT NULL,"old_status" varchar(20),"new_status" varchar(20),"created_at" timestamptz,PRIMARY KEY ("id"),CONSTRAINT "fk_teacher_assignment_logs_assignment" FOREIGN KEY ("assignment_id") REFERENCES "teacher_assignments"("id"),CONSTRAINT "fk_teacher_assignment_logs_actor" FOREIGN KEY ("actor_id") REFERENCES "users"("id"))

2026/01/07 00:55:14 [32mD:/CousreAI/backend/internal/database/database.go:129
[0m[33m[4.285ms] [34;1m[rows:0][0m CREATE INDEX IF NOT EXISTS "idx_teacher_assignment_logs_assignment_id" ON "teacher_assignment_logs" ("assignment_id")

2026/01/07 00:55:14 [32mD:/CousreAI/backend/internal/database/database.go:149
[0m[33m[2.230ms] [34;1m[rows:0][0m ALTER TABLE lessons ADD COLUMN IF NOT EXISTS duration_minutes integer DEFAULT 0;

2026/01/07 00:55:14 [32mD:/CousreAI/backend/internal/database/database.go:149
[0m[33m[1.686ms] [34;1m[rows:0][0m ALTER TABLE lessons ADD COLUMN IF NOT EXISTS difficulty varchar(50);

2026/01/07 00:55:14 [32mD:/CousreAI/backend/internal/database/database.go:149
[0m[33m[1.670ms] [34;1m[rows:0][0m ALTER TABLE lessons ADD COLUMN IF NOT EXISTS estimated_time varchar(50);

2026/01/07 00:55:14 [32mD:/CousreAI/backend/internal/database/database.go:149
[0m[33m[1.124ms] [34;1m[rows:0][0m ALTER TABLE lessons ADD COLUMN IF NOT EXISTS cover_media_id uuid;

2026/01/07 00:55:14 [32mD:/CousreAI/backend/internal/database/database.go:149
[0m[33m[1.025ms] [34;1m[rows:0][0m ALTER TABLE lessons ADD COLUMN IF NOT EXISTS author_id uuid;

2026/01/07 00:55:14 [32mD:/CousreAI/backend/internal/database/database.go:149
[0m[33m[1.859ms] [34;1m[rows:0][0m ALTER TABLE lessons ADD COLUMN IF NOT EXISTS is_featured boolean DEFAULT false;

2026/01/07 00:55:14 [32mD:/CousreAI/backend/internal/database/database.go:149
[0m[33m[2.102ms] [34;1m[rows:0][0m ALTER TABLE lessons ADD COLUMN IF NOT EXISTS published_at timestamp with time zone;

2026/01/07 00:55:14 [32mD:/CousreAI/backend/internal/database/seed.go:20
[0m[33m[1.044ms] [34;1m[rows:1][0m SELECT count(*) FROM information_schema.tables WHERE table_schema = CURRENT_SCHEMA() AND table_name = 'users' AND table_type = 'BASE TABLE'

2026/01/07 00:55:14 [32mD:/CousreAI/backend/internal/database/seed.go:25
[0m[33m[2.112ms] [34;1m[rows:1][0m SELECT count(*) FROM "users" WHERE username = 'admin123'

 ┌───────────────────────────────────────────────────┐ 
 │                   Fiber v2.52.0                   │ 
 │                 http://[::]:8080                  │ 
 │                                                   │ 
 │ Handlers ............ 73  Processes ........... 1 │ 
 │ Prefork ....... Disabled  PID ............. 25552 │ 
 └───────────────────────────────────────────────────┘ 

